(---------------------------------------------------------------------)
(                                                                     )
(    Refresh Padstack                                                 )
(                                                                     )
(    Drawing          : mark.dra                                      )
(    Software Version : 17.2S029                                      )
(    Date/Time        : Mon Jul 02 17:48:44 2018                      )
(                                                                     )
(---------------------------------------------------------------------)


Mon Jul 02 17:48:44 2018				Page     1


------ Pad Stack Refresh Options ------

Input design  = 'E:/PCBLib/ORCAD/allegro-logo/lib/mark.dra'
Output design = ''
Reset symbol text and size locations   = 'NO'


------ Library Paths ------
PSMPATH =  E:/PCBLib/ORCAD/PAD/LIB/Lib/ 
           E:/PCBLib/ORCAD/allegro-logo/lib/ 
           . 
           symbols 
           .. 
           ../symbols 
           C:/Cadence/Cadence_SPB_17.2-2016/share/local/pcb/symbols 
           C:/Cadence/Cadence_SPB_17.2-2016/share/pcb/pcb_lib/symbols 
           C:/Cadence/Cadence_SPB_17.2-2016/share/pcb/allegrolib/symbols 

PADPATH =  E:/PCBLib/ORCAD/PAD/LIB/Pad 
           E:/PCBLib/ORCAD/PAD/LIB/Via/ 
           E:/PCBLib/ORCAD/allegro-logo/lib 
           . 
           symbols 
           .. 
           ../symbols 
           C:/Cadence/Cadence_SPB_17.2-2016/share/local/pcb/padstacks 
           C:/Cadence/Cadence_SPB_17.2-2016/share/pcb/pcb_lib/symbols 
           C:/Cadence/Cadence_SPB_17.2-2016/share/pcb/allegrolib/symbols 


------ Pad Stack Refresh Messages ------

'MARK1'  pad stack refresh starting.

     'MARK1'  pad stack refreshed successfully.
     
Completed refreshing all pad stacks successfully.
