(---------------------------------------------------------------------)
(                                                                     )
(    Allegro Netrev Import Logic                                      )
(                                                                     )
(    Drawing          : Master.brd                                    )
(    Software Version : 17.2S065                                      )
(    Date/Time        : Thu May 21 09:51:05 2020                      )
(                                                                     )
(---------------------------------------------------------------------)


------ Directives ------------

Ripup etch:                  No
Ripup delete first segment:  No
Ripup retain bondwire:       No
Ripup symbols:               Always
Missing symbol has error:    No
DRC update:                  Yes
Schematic directory:         'E:/Allegro/MPUPCB/MPU6050/SCH/allegro'
Design Directory:            'E:/PCBLib/ORCAD/PAD/LIB/Lib'
Old design name:             'E:/PCBLib/ORCAD/PAD/LIB/Lib/Master.brd'
New design name:             'E:/PCBLib/ORCAD/PAD/LIB/Lib/Master.brd'

CmdLine: netrev -$ -i E:/Allegro/MPUPCB/MPU6050/SCH/allegro -y 1 -h -q netrev_constraint_report.xml E:/PCBLib/ORCAD/PAD/LIB/Lib/#Taaaaav14776.tmp

------ Preparing to read pst files ------

Starting to read E:/Allegro/MPUPCB/MPU6050/SCH/allegro/pstchip.dat 
   Finished reading E:/Allegro/MPUPCB/MPU6050/SCH/allegro/pstchip.dat (00:00:00.04)
Starting to read E:/Allegro/MPUPCB/MPU6050/SCH/allegro/pstxprt.dat 
   Finished reading E:/Allegro/MPUPCB/MPU6050/SCH/allegro/pstxprt.dat (00:00:00.00)
Starting to read E:/Allegro/MPUPCB/MPU6050/SCH/allegro/pstxnet.dat 
   Finished reading E:/Allegro/MPUPCB/MPU6050/SCH/allegro/pstxnet.dat (00:00:00.00)

------ Oversights/Warnings/Errors ------


------ Library Paths ------
MODULEPATH =  . 
           C:/Cadence/Cadence_SPB_17.2-2016/share/local/pcb/modules 

PSMPATH =  E:/PCBLib/ORCAD/PAD/LIB/Lib/ 
           E:/PCBLib/ORCAD/PAD/LIB/Via/ 
           E:/PCBLib/ORCAD/PAD/LIB/Pad/ 

PADPATH =  E:/PCBLib/ORCAD/PAD/LIB/Pad/ 
           E:/PCBLib/ORCAD/PAD/LIB/Via/ 
           E:/PCBLib/ORCAD/PAD/LIB/Lib/ 


------ Summary Statistics ------


netrev run on May 21 9:51:05 2020
   DESIGN NAME : 'MPU6050'
   PACKAGING ON Mar  3 2020 06:19:01

   COMPILE 'logic'
   CHECK_PIN_NAMES OFF
   CROSS_REFERENCE OFF
   FEEDBACK OFF
   INCREMENTAL OFF
   INTERFACE_TYPE PHYSICAL
   MAX_ERRORS 500
   MERGE_MINIMUM 5
   NET_NAME_CHARS '#%&()*+-./:=>?@[]^_`|'
   NET_NAME_LENGTH 24
   OVERSIGHTS ON
   REPLACE_CHECK OFF
   SINGLE_NODE_NETS ON
   SPLIT_MINIMUM 0
   SUPPRESS   20
   WARNINGS ON

 No error detected
 No oversight detected
 No warning detected

cpu time      0:01:08
elapsed time  0:00:00

