(---------------------------------------------------------------------)
(                                                                     )
(    Parameter File READ                                              )
(                                                                     )
(    Drawing          : Master.brd                                    )
(    Software Version : 17.2S065                                      )
(    Date/Time        : Wed May 20 14:46:03 2020                      )
(                                                                     )
(---------------------------------------------------------------------)


	Paramfile Name : E:/PCBLib/ORCAD/AllegroEnvSet.prm
	Layout Name   : Master.brd

Reading...parameter_header:
Reading...db_common_type:
Reading...grid_parms_type:
Reading...UnusedPadsSuppressionSettings:
Reading...artwork_film:
	Reading...art_film_type:
	Reading...art_film_block_type:
	Reading...art_class_type:
	Reading...art_class_type:
	Reading...art_class_type:
	Reading...art_class_type:
	Reading...art_class_type:
Reading...artwork_film:
	Reading...art_film_type:
	Reading...art_film_block_type:
	Reading...art_class_type:
	Reading...art_class_type:
	Reading...art_class_type:
	Reading...art_class_type:
	Reading...art_class_type:
Reading...artwork_film:
	Reading...art_film_type:
	Reading...art_film_block_type:
	Reading...art_class_type:
	Reading...art_class_type:
	Reading...art_class_type:
	Reading...art_class_type:
	Reading...art_class_type:
Reading...artwork_film:
	Reading...art_film_type:
	Reading...art_film_block_type:
	Reading...art_class_type:
	Reading...art_class_type:
	Reading...art_class_type:
	Reading...art_class_type:
Reading...artwork_film:
	Reading...art_film_type:
	Reading...art_film_block_type:
	Reading...art_class_type:
	Reading...art_class_type:
	Reading...art_class_type:
	Reading...art_class_type:
Reading...artwork_film:
	Reading...art_film_type:
	Reading...art_film_block_type:
	Reading...art_class_type:
	Reading...art_class_type:
	Reading...art_class_type:
	Reading...art_class_type:
	Reading...art_class_type:
Reading...artwork_film:
	Reading...art_film_type:
	Reading...art_film_block_type:
	Reading...art_class_type:
	Reading...art_class_type:
	Reading...art_class_type:
	Reading...art_class_type:
	Reading...art_class_type:
Reading...artwork_film:
	Reading...art_film_type:
	Reading...art_film_block_type:
	Reading...art_class_type:
	Reading...art_class_type:
	Reading...art_class_type:
	Reading...art_class_type:
	Reading...art_class_type:
Reading...artwork_film:
	Reading...art_film_type:
	Reading...art_film_block_type:
	Reading...art_class_type:
	Reading...art_class_type:
	Reading...art_class_type:
	Reading...art_class_type:
	Reading...art_class_type:
Reading...artwork_film:
	Reading...art_film_type:
	Reading...art_film_block_type:
	Reading...art_class_type:
	Reading...art_class_type:
	Reading...art_class_type:
	Reading...art_class_type:
	Reading...art_class_type:
Reading...artwork_film:
	Reading...art_film_type:
	Reading...art_film_block_type:
	Reading...art_class_type:
	Reading...art_class_type:
	Reading...art_class_type:
	Reading...art_class_type:
	Reading...art_class_type:
Reading...color_table_table:
Reading...ColorParmType:
Reading...text_size_table:
Reading...placement_parameter_type:
Reading...av_parm_type:
Reading...arn_param_type:
Reading...baf_parm_type:
Reading...ats_parm_type:
Reading...ifp_parm_type:
Reading...dynfill_parm_type:
Reading...probe_parm_type:
Reading...drf_parm_type:
Reading...ministat_parm_type:


..... Total number of errors: 0.
..... Total number of warnings: 0.
