(---------------------------------------------------------------------)
(                                                                     )
(    Refresh Padstack                                                 )
(                                                                     )
(    Drawing          : DIP-8P-2D54.dra                               )
(    Software Version : 17.2S067                                      )
(    Date/Time        : Fri Jul 17 15:10:58 2020                      )
(                                                                     )
(---------------------------------------------------------------------)


Fri Jul 17 15:10:58 2020				Page     1


------ Pad Stack Refresh Options ------

Input design  = 'E:/PCBLib/ORCAD/PAD/LIB/Lib/DIP-8P-2D54.dra'
Output design = ''
Reset symbol text and size locations   = 'NO'


------ Library Paths ------
PSMPATH =  E:/PCBLib/ORCAD/PAD/LIB/Lib/ 
           E:/PCBLib/ORCAD/PAD/LIB/Via/ 
           E:/PCBLib/ORCAD/PAD/LIB/Pad/ 
           E:/PCBLib/ORCAD/allegro-logo/lib/ 

PADPATH =  E:/PCBLib/ORCAD/PAD/LIB/Pad/ 
           E:/PCBLib/ORCAD/PAD/LIB/Via/ 
           E:/PCBLib/ORCAD/PAD/LIB/Lib/ 


------ Pad Stack Refresh Messages ------

'TSP_32MIL'  pad stack refresh starting.

     'TSP_32MIL'  pad stack refreshed successfully.
     
'TH_C1D0X1D8'  pad stack refresh starting.

     'TH_C1D0X1D8'  pad stack refreshed successfully.
     
'TH_R1D0X1D8'  pad stack refresh starting.

     'TH_R1D0X1D8'  pad stack refreshed successfully.
     
Completed refreshing all pad stacks successfully.
