(---------------------------------------------------------------------)
(                                                                     )
(    Refresh Padstack                                                 )
(                                                                     )
(    Drawing          : UB482.dra                                     )
(    Software Version : 17.4S016                                      )
(    Date/Time        : Wed Jul  7 20:22:11 2021                      )
(                                                                     )
(---------------------------------------------------------------------)


Wed Jul  7 20:22:11 2021				Page     1


------ Pad Stack Refresh Options ------

Input design  = 'E:/PCBLib/ORCAD/LIB/Psm/UB482.dra'
Output design = ''
Reset symbol text and size locations   = 'NO'


------ Library Paths ------
PSMPATH =  =set 
           PSMPATH 
           = 
           . symbols .. ../symbols 
           C:/Cadence/Cadence_SPB_17.4-2016/share/local/pcb/symbols 
           C:/Cadence/Cadence_SPB_17.4-2016/share/pcb/pcb_lib/symbols 
           C:/Cadence/Cadence_SPB_17.4-2016/share/pcb/allegrolib/symbols 
           E:/PCBLib/ORCAD/LIB/Psm/ 
           E:/PCBLib/ORCAD/LIB/Pad/ 

PADPATH =  E:/PCBLib/ORCAD/LIB/Via 
           E:/PCBLib/ORCAD/LIB/Pad/ 


------ Pad Stack Refresh Messages ------

'TH_C4D2X6D2'  pad stack refresh starting.

     'TH_C4D2X6D2'  pad stack refreshed successfully.
     
'TSP_32MIL'  pad stack refresh starting.

     'TSP_32MIL'  pad stack refreshed successfully.
     
'TH_C0D7X1D4'  pad stack refresh starting.

     'TH_C0D7X1D4'  pad stack refreshed successfully.
     
'TH_C0D8X1D4'  pad stack refresh starting.

     'TH_C0D8X1D4'  pad stack refreshed successfully.
     
Completed refreshing all pad stacks successfully.
