Wed Jul  7 20:23:32 2021				Page     1


 
Update Symbols/Modules Logfile
	Wed Jul  7 20:23:32 2021

------ Module Refresh Messages ------

SUMMARY:    Updated 0 out of 0 modules

------ End Module Messages     ------



(---------------------------------------------------------------------)
(                                                                     )
(    Refresh Symbol                                                   )
(                                                                     )
(    Drawing          : P900.dra                                      )
(    Software Version : 17.4S016                                      )
(    Date/Time        : Wed Jul  7 20:23:33 2021                      )
(                                                                     )
(---------------------------------------------------------------------)


Wed Jul  7 20:23:33 2021				Page     1


------ Symbol Refresh Directives ------

Input design  = 'E:/PCBLib/ORCAD/LIB/Psm/P900.dra'
Output design = ''

Update mechanical symbols              = 'NO'
Update format symbols                  = 'NO'
Update package symbols                 = 'NO'
Update shape/flash symbols             = 'NO'
Update symbol padstacks                = 'NO'
Preserve padstacks replaced on pins    = 'NO'
Reset symbol text and size locations   = 'NO'
Reset Pin Escapes (fanouts)            = 'NO'
Ripup Etch                             = 'NO'
Reset custom drill data                = 'NO'
Symbol list file                       = 'C:/Users/master/AppData/Local/Temp/#Taaaace05324.tmp'


------ Library Paths ------
PSMPATH =  =set 
           PSMPATH 
           = 
           . symbols .. ../symbols 
           C:/Cadence/Cadence_SPB_17.4-2016/share/local/pcb/symbols 
           C:/Cadence/Cadence_SPB_17.4-2016/share/pcb/pcb_lib/symbols 
           C:/Cadence/Cadence_SPB_17.4-2016/share/pcb/allegrolib/symbols 
           E:/PCBLib/ORCAD/LIB/Psm/ 
           E:/PCBLib/ORCAD/LIB/Pad/ 

PADPATH =  E:/PCBLib/ORCAD/LIB/Via 
           E:/PCBLib/ORCAD/LIB/Pad/ 


------ Symbol Refresh Messages ------

'FLASH-6D2'  symbol refreshed successfully.


----- Symbol Update Summary ----

Updated symbols: 1 out 1
    Design updated.

